<?xml version="1.0" encoding="UTF-8"?>
<testsuite xmlns:xsi="http://www.w3.org/2001/XMLSchema-instance" xsi:noNamespaceSchemaLocation="https://maven.apache.org/surefire/maven-surefire-plugin/xsd/surefire-test-report-3.0.xsd" version="3.0" name="org.apache.ignite.internal.configuration.asm.ConfigurationAsmGeneratorTest" time="0.083" tests="1" errors="0" skipped="0" failures="1">
  <properties>
[...]
</properties>
  <testcase name="testNestedConfigurationWithInjectedNameField" classname="org.apache.ignite.internal.configuration.asm.ConfigurationAsmGeneratorTest" time="0.065">
    <failure type="java.lang.AssertionError"><![CDATA[java.lang.AssertionError: org.apache.ignite.internal.configuration.asm.ConfigurationAsmGeneratorTest$PolymorphicTestConfigurationSchema
	at org.apache.ignite.internal.configuration.asm.ConfigurationAsmGeneratorTest.beforeEach(ConfigurationAsmGeneratorTest.java:97)
]]></failure>
  </testcase>
</testsuite>