-------------------------------------------------------------------------------
Test set: org.apache.ignite.internal.configuration.asm.ConfigurationAsmGeneratorTest
-------------------------------------------------------------------------------
Tests run: 1, Failures: 1, Errors: 0, Skipped: 0, Time elapsed: 0.125 s <<< FAILURE! - in org.apache.ignite.internal.configuration.asm.ConfigurationAsmGeneratorTest
org.apache.ignite.internal.configuration.asm.ConfigurationAsmGeneratorTest.testNestedConfigurationWithInjectedNameField  Time elapsed: 0.098 s  <<< FAILURE!
java.lang.AssertionError: org.apache.ignite.internal.configuration.asm.ConfigurationAsmGeneratorTest$PolymorphicNamedTestConfigurationSchema
	at org.apache.ignite.internal.configuration.asm.ConfigurationAsmGeneratorTest.beforeEach(ConfigurationAsmGeneratorTest.java:95)

