# JRE version: Java(TM) SE Runtime Environment 18.9 (11.0.12+8) (build 11.0.12+8-LTS-237)
# Java VM: Java HotSpot(TM) 64-Bit Server VM 18.9 (11.0.12+8-LTS-237, mixed mode, tiered, compressed oops, g1 gc, windows-amd64)
Heap:
 garbage-first heap   total 391168K, used 185785K [0x0000000683e00000, 0x0000000800000000)
  region size 1024K, 182 young (186368K), 7 survivors (7168K)
 Metaspace       used 27109K, capacity 28847K, committed 29184K, reserved 1075200K
  class space    used 3391K, capacity 3999K, committed 4096K, reserved 1048576K
GC Heap History (10 events):
Event: 2.519 GC heap before
{Heap before GC invocations=1 (full 0):
 garbage-first heap   total 391168K, used 77467K [0x0000000683e00000, 0x0000000800000000)
  region size 1024K, 76 young (77824K), 3 survivors (3072K)
 Metaspace       used 20186K, capacity 21017K, committed 21248K, reserved 1067008K
  class space    used 2523K, capacity 2797K, committed 2816K, reserved 1048576K
}
Event: 2.525 GC heap after
{Heap after GC invocations=2 (full 0):
 garbage-first heap   total 391168K, used 6213K [0x0000000683e00000, 0x0000000800000000)
  region size 1024K, 6 young (6144K), 6 survivors (6144K)
 Metaspace       used 20186K, capacity 21017K, committed 21248K, reserved 1067008K
  class space    used 2523K, capacity 2797K, committed 2816K, reserved 1048576K
}
Event: 3.298 GC heap before
{Heap before GC invocations=3 (full 0):
 garbage-first heap   total 391168K, used 87109K [0x0000000683e00000, 0x0000000800000000)
  region size 1024K, 85 young (87040K), 6 survivors (6144K)
 Metaspace       used 24543K, capacity 25679K, committed 25728K, reserved 1071104K
  class space    used 3043K, capacity 3452K, committed 3456K, reserved 1048576K
}
Event: 3.305 GC heap after
{Heap after GC invocations=4 (full 0):
 garbage-first heap   total 391168K, used 7523K [0x0000000683e00000, 0x0000000800000000)
  region size 1024K, 7 young (7168K), 7 survivors (7168K)
 Metaspace       used 24543K, capacity 25679K, committed 25728K, reserved 1071104K
  class space    used 3043K, capacity 3452K, committed 3456K, reserved 1048576K
}
Event: 3.344 GC heap before
{Heap before GC invocations=4 (full 0):
 garbage-first heap   total 391168K, used 129379K [0x0000000683e00000, 0x0000000800000000)
  region size 1024K, 126 young (129024K), 7 survivors (7168K)
 Metaspace       used 24552K, capacity 25679K, committed 25728K, reserved 1071104K
  class space    used 3043K, capacity 3452K, committed 3456K, reserved 1048576K
}
Event: 3.349 GC heap after
{Heap after GC invocations=5 (full 0):
 garbage-first heap   total 391168K, used 7522K [0x0000000683e00000, 0x0000000800000000)
  region size 1024K, 7 young (7168K), 7 survivors (7168K)
 Metaspace       used 24552K, capacity 25679K, committed 25728K, reserved 1071104K
  class space    used 3043K, capacity 3452K, committed 3456K, reserved 1048576K
}
Event: 3.397 GC heap before
{Heap before GC invocations=5 (full 0):
 garbage-first heap   total 391168K, used 162146K [0x0000000683e00000, 0x0000000800000000)
  region size 1024K, 158 young (161792K), 7 survivors (7168K)
 Metaspace       used 24557K, capacity 25679K, committed 25728K, reserved 1071104K
  class space    used 3043K, capacity 3452K, committed 3456K, reserved 1048576K
}
Event: 3.401 GC heap after
{Heap after GC invocations=6 (full 0):
 garbage-first heap   total 391168K, used 7594K [0x0000000683e00000, 0x0000000800000000)
  region size 1024K, 7 young (7168K), 7 survivors (7168K)
 Metaspace       used 24557K, capacity 25679K, committed 25728K, reserved 1071104K
  class space    used 3043K, capacity 3452K, committed 3456K, reserved 1048576K
}
Event: 3.474 GC heap before
{Heap before GC invocations=6 (full 0):
 garbage-first heap   total 391168K, used 208298K [0x0000000683e00000, 0x0000000800000000)
  region size 1024K, 203 young (207872K), 7 survivors (7168K)
 Metaspace       used 24559K, capacity 25679K, committed 25728K, reserved 1071104K
  class space    used 3043K, capacity 3452K, committed 3456K, reserved 1048576K
}
Event: 3.481 GC heap after
{Heap after GC invocations=7 (full 0):
 garbage-first heap   total 391168K, used 7609K [0x0000000683e00000, 0x0000000800000000)
  region size 1024K, 7 young (7168K), 7 survivors (7168K)
 Metaspace       used 24559K, capacity 25679K, committed 25728K, reserved 1071104K
  class space    used 3043K, capacity 3452K, committed 3456K, reserved 1048576K
}

